<?xml version="1.0" encoding="UTF-8"?>
<!-- Generated by org.testng.reporters.JUnitReportReporter -->
<testsuite hostname="LAPTOP-8UAPTJ7F" failures="0" tests="1" name="ExecutionClass.TestNgExecution2" time="16.639" errors="0" timestamp="2022-02-11T14:15:17 IST" skipped="0">
  <testcase classname="ExecutionClass.TestNgExecution2" name="clickIphone" time="16.639"/>
  <system-out/>
</testsuite> <!-- ExecutionClass.TestNgExecution2 -->
